2026-04-13 10:04:25 - com.zaxxer.hikari.pool.HikariPool - HikariPool-1 - Thread starvation or clock leap detected (housekeeper delta=11h17m50s474ms381µs700ns).
2026-04-13 10:05:05 - o.s.w.s.c.WebSocketMessageBrokerStats - WebSocketSession[0 current WS(0)-HttpStream(0)-HttpPoll(0), 0 total, 0 closed abnormally (0 connect failure, 0 send limit, 0 transport error)], stompSubProtocol[processed CONNECT(0)-CONNECTED(0)-DISCONNECT(0)], stompBrokerRelay[null], inboundChannel[pool size = 0, active threads = 0, queued tasks = 0, completed tasks = 0], outboundChannel[pool size = 0, active threads = 0, queued tasks = 0, completed tasks = 0], sockJsScheduler[pool size = 8, active threads = 4, queued tasks = 1, completed tasks = 13]
2026-04-13 10:05:05 - org.hibernate.SQL - 
    select
        e1_0.id,
        e1_0.active,
        e1_0.address,
        e1_0.address_type,
        e1_0.city,
        e1_0.country,
        e1_0.created_date,
        e1_0.credentials_created,
        e1_0.currency,
        e1_0.date_of_birth,
        e1_0.deadline_final_sent,
        e1_0.deadline_warning_sent,
        e1_0.department,
        e1_0.designation,
        e1_0.document_deadline,
        e1_0.email,
        e1_0.emergency_contact,
        e1_0.employee_id,
        e1_0.employee_name,
        e1_0.employment_type,
        e1_0.first_name,
        e1_0.gender,
        e1_0.is_active,
        e1_0.last_name,
        e1_0.last_presence_update,
        e1_0.linkedin,
        e1_0.manager,
        e1_0.onboarding_completed_date,
        e1_0.onboarding_start_date,
        e1_0.onboarding_status,
        e1_0.password,
        e1_0.pay_frequency,
        e1_0.permanent_address,
        e1_0.permanent_city,
        e1_0.permanent_country,
        e1_0.permanent_state,
        e1_0.permanent_zip_code,
        e1_0.personal_email,
        e1_0.phone,
        e1_0.presence_status,
        e1_0.profile_color,
        e1_0.profile_picture,
        e1_0.reset_token,
        e1_0.residential_address,
        e1_0.residential_city,
        e1_0.residential_country,
        e1_0.residential_state,
        e1_0.residential_zip_code,
        e1_0.role,
        e1_0.salary,
        e1_0.start_date,
        e1_0.state,
        e1_0.status,
        e1_0.submitted_documents,
        e1_0.token_expiry,
        e1_0.total_documents,
        e1_0.updated_date,
        e1_0.verified_documents,
        e1_0.work_location,
        e1_0.work_type,
        e1_0.zip_code 
    from
        employees e1_0
2026-04-13 10:05:05 - org.hibernate.SQL - 
    select
        e1_0.id,
        e1_0.active,
        e1_0.address,
        e1_0.address_type,
        e1_0.city,
        e1_0.country,
        e1_0.created_date,
        e1_0.credentials_created,
        e1_0.currency,
        e1_0.date_of_birth,
        e1_0.deadline_final_sent,
        e1_0.deadline_warning_sent,
        e1_0.department,
        e1_0.designation,
        e1_0.document_deadline,
        e1_0.email,
        e1_0.emergency_contact,
        e1_0.employee_id,
        e1_0.employee_name,
        e1_0.employment_type,
        e1_0.first_name,
        e1_0.gender,
        e1_0.is_active,
        e1_0.last_name,
        e1_0.last_presence_update,
        e1_0.linkedin,
        e1_0.manager,
        e1_0.onboarding_completed_date,
        e1_0.onboarding_start_date,
        e1_0.onboarding_status,
        e1_0.password,
        e1_0.pay_frequency,
        e1_0.permanent_address,
        e1_0.permanent_city,
        e1_0.permanent_country,
        e1_0.permanent_state,
        e1_0.permanent_zip_code,
        e1_0.personal_email,
        e1_0.phone,
        e1_0.presence_status,
        e1_0.profile_color,
        e1_0.profile_picture,
        e1_0.reset_token,
        e1_0.residential_address,
        e1_0.residential_city,
        e1_0.residential_country,
        e1_0.residential_state,
        e1_0.residential_zip_code,
        e1_0.role,
        e1_0.salary,
        e1_0.start_date,
        e1_0.state,
        e1_0.status,
        e1_0.submitted_documents,
        e1_0.token_expiry,
        e1_0.total_documents,
        e1_0.updated_date,
        e1_0.verified_documents,
        e1_0.work_location,
        e1_0.work_type,
        e1_0.zip_code 
    from
        employees e1_0 
    where
        e1_0.document_deadline is not null 
        and e1_0.onboarding_status in (?, ?, ?, ?)
2026-04-13 10:05:05 - org.hibernate.SQL - 
    select
        e1_0.id,
        e1_0.active,
        e1_0.address,
        e1_0.address_type,
        e1_0.city,
        e1_0.country,
        e1_0.created_date,
        e1_0.credentials_created,
        e1_0.currency,
        e1_0.date_of_birth,
        e1_0.deadline_final_sent,
        e1_0.deadline_warning_sent,
        e1_0.department,
        e1_0.designation,
        e1_0.document_deadline,
        e1_0.email,
        e1_0.emergency_contact,
        e1_0.employee_id,
        e1_0.employee_name,
        e1_0.employment_type,
        e1_0.first_name,
        e1_0.gender,
        e1_0.is_active,
        e1_0.last_name,
        e1_0.last_presence_update,
        e1_0.linkedin,
        e1_0.manager,
        e1_0.onboarding_completed_date,
        e1_0.onboarding_start_date,
        e1_0.onboarding_status,
        e1_0.password,
        e1_0.pay_frequency,
        e1_0.permanent_address,
        e1_0.permanent_city,
        e1_0.permanent_country,
        e1_0.permanent_state,
        e1_0.permanent_zip_code,
        e1_0.personal_email,
        e1_0.phone,
        e1_0.presence_status,
        e1_0.profile_color,
        e1_0.profile_picture,
        e1_0.reset_token,
        e1_0.residential_address,
        e1_0.residential_city,
        e1_0.residential_country,
        e1_0.residential_state,
        e1_0.residential_zip_code,
        e1_0.role,
        e1_0.salary,
        e1_0.start_date,
        e1_0.state,
        e1_0.status,
        e1_0.submitted_documents,
        e1_0.token_expiry,
        e1_0.total_documents,
        e1_0.updated_date,
        e1_0.verified_documents,
        e1_0.work_location,
        e1_0.work_type,
        e1_0.zip_code 
    from
        employees e1_0
2026-04-13 10:05:05 - org.hibernate.SQL - 
    delete 
    from
        notifications 
    where
        persistent=0 
        and created_at<?
2026-04-13 10:05:05 - org.hibernate.SQL - 
    update
        notifications 
    set
        read_at=current_timestamp(6) 
    where
        persistent=0 
        and read_at is null 
        and created_at<?
2026-04-13 10:10:00 - org.hibernate.SQL - 
    select
        e1_0.id,
        e1_0.active,
        e1_0.address,
        e1_0.address_type,
        e1_0.city,
        e1_0.country,
        e1_0.created_date,
        e1_0.credentials_created,
        e1_0.currency,
        e1_0.date_of_birth,
        e1_0.deadline_final_sent,
        e1_0.deadline_warning_sent,
        e1_0.department,
        e1_0.designation,
        e1_0.document_deadline,
        e1_0.email,
        e1_0.emergency_contact,
        e1_0.employee_id,
        e1_0.employee_name,
        e1_0.employment_type,
        e1_0.first_name,
        e1_0.gender,
        e1_0.is_active,
        e1_0.last_name,
        e1_0.last_presence_update,
        e1_0.linkedin,
        e1_0.manager,
        e1_0.onboarding_completed_date,
        e1_0.onboarding_start_date,
        e1_0.onboarding_status,
        e1_0.password,
        e1_0.pay_frequency,
        e1_0.permanent_address,
        e1_0.permanent_city,
        e1_0.permanent_country,
        e1_0.permanent_state,
        e1_0.permanent_zip_code,
        e1_0.personal_email,
        e1_0.phone,
        e1_0.presence_status,
        e1_0.profile_color,
        e1_0.profile_picture,
        e1_0.reset_token,
        e1_0.residential_address,
        e1_0.residential_city,
        e1_0.residential_country,
        e1_0.residential_state,
        e1_0.residential_zip_code,
        e1_0.role,
        e1_0.salary,
        e1_0.start_date,
        e1_0.state,
        e1_0.status,
        e1_0.submitted_documents,
        e1_0.token_expiry,
        e1_0.total_documents,
        e1_0.updated_date,
        e1_0.verified_documents,
        e1_0.work_location,
        e1_0.work_type,
        e1_0.zip_code 
    from
        employees e1_0 
    where
        e1_0.document_deadline is not null 
        and e1_0.onboarding_status in (?, ?, ?, ?)
2026-04-13 10:16:08 - com.zaxxer.hikari.pool.HikariPool - HikariPool-1 - Thread starvation or clock leap detected (housekeeper delta=5m12s708ms758µs400ns).
2026-04-13 10:19:42 - org.hibernate.SQL - 
    select
        e1_0.id,
        e1_0.active,
        e1_0.address,
        e1_0.address_type,
        e1_0.city,
        e1_0.country,
        e1_0.created_date,
        e1_0.credentials_created,
        e1_0.currency,
        e1_0.date_of_birth,
        e1_0.deadline_final_sent,
        e1_0.deadline_warning_sent,
        e1_0.department,
        e1_0.designation,
        e1_0.document_deadline,
        e1_0.email,
        e1_0.emergency_contact,
        e1_0.employee_id,
        e1_0.employee_name,
        e1_0.employment_type,
        e1_0.first_name,
        e1_0.gender,
        e1_0.is_active,
        e1_0.last_name,
        e1_0.last_presence_update,
        e1_0.linkedin,
        e1_0.manager,
        e1_0.onboarding_completed_date,
        e1_0.onboarding_start_date,
        e1_0.onboarding_status,
        e1_0.password,
        e1_0.pay_frequency,
        e1_0.permanent_address,
        e1_0.permanent_city,
        e1_0.permanent_country,
        e1_0.permanent_state,
        e1_0.permanent_zip_code,
        e1_0.personal_email,
        e1_0.phone,
        e1_0.presence_status,
        e1_0.profile_color,
        e1_0.profile_picture,
        e1_0.reset_token,
        e1_0.residential_address,
        e1_0.residential_city,
        e1_0.residential_country,
        e1_0.residential_state,
        e1_0.residential_zip_code,
        e1_0.role,
        e1_0.salary,
        e1_0.start_date,
        e1_0.state,
        e1_0.status,
        e1_0.submitted_documents,
        e1_0.token_expiry,
        e1_0.total_documents,
        e1_0.updated_date,
        e1_0.verified_documents,
        e1_0.work_location,
        e1_0.work_type,
        e1_0.zip_code 
    from
        employees e1_0 
    where
        e1_0.document_deadline is not null 
        and e1_0.onboarding_status in (?, ?, ?, ?)
2026-04-13 10:20:00 - org.hibernate.SQL - 
    select
        e1_0.id,
        e1_0.active,
        e1_0.address,
        e1_0.address_type,
        e1_0.city,
        e1_0.country,
        e1_0.created_date,
        e1_0.credentials_created,
        e1_0.currency,
        e1_0.date_of_birth,
        e1_0.deadline_final_sent,
        e1_0.deadline_warning_sent,
        e1_0.department,
        e1_0.designation,
        e1_0.document_deadline,
        e1_0.email,
        e1_0.emergency_contact,
        e1_0.employee_id,
        e1_0.employee_name,
        e1_0.employment_type,
        e1_0.first_name,
        e1_0.gender,
        e1_0.is_active,
        e1_0.last_name,
        e1_0.last_presence_update,
        e1_0.linkedin,
        e1_0.manager,
        e1_0.onboarding_completed_date,
        e1_0.onboarding_start_date,
        e1_0.onboarding_status,
        e1_0.password,
        e1_0.pay_frequency,
        e1_0.permanent_address,
        e1_0.permanent_city,
        e1_0.permanent_country,
        e1_0.permanent_state,
        e1_0.permanent_zip_code,
        e1_0.personal_email,
        e1_0.phone,
        e1_0.presence_status,
        e1_0.profile_color,
        e1_0.profile_picture,
        e1_0.reset_token,
        e1_0.residential_address,
        e1_0.residential_city,
        e1_0.residential_country,
        e1_0.residential_state,
        e1_0.residential_zip_code,
        e1_0.role,
        e1_0.salary,
        e1_0.start_date,
        e1_0.state,
        e1_0.status,
        e1_0.submitted_documents,
        e1_0.token_expiry,
        e1_0.total_documents,
        e1_0.updated_date,
        e1_0.verified_documents,
        e1_0.work_location,
        e1_0.work_type,
        e1_0.zip_code 
    from
        employees e1_0 
    where
        e1_0.document_deadline is not null 
        and e1_0.onboarding_status in (?, ?, ?, ?)
2026-04-13 10:25:00 - org.hibernate.SQL - 
    select
        e1_0.id,
        e1_0.active,
        e1_0.address,
        e1_0.address_type,
        e1_0.city,
        e1_0.country,
        e1_0.created_date,
        e1_0.credentials_created,
        e1_0.currency,
        e1_0.date_of_birth,
        e1_0.deadline_final_sent,
        e1_0.deadline_warning_sent,
        e1_0.department,
        e1_0.designation,
        e1_0.document_deadline,
        e1_0.email,
        e1_0.emergency_contact,
        e1_0.employee_id,
        e1_0.employee_name,
        e1_0.employment_type,
        e1_0.first_name,
        e1_0.gender,
        e1_0.is_active,
        e1_0.last_name,
        e1_0.last_presence_update,
        e1_0.linkedin,
        e1_0.manager,
        e1_0.onboarding_completed_date,
        e1_0.onboarding_start_date,
        e1_0.onboarding_status,
        e1_0.password,
        e1_0.pay_frequency,
        e1_0.permanent_address,
        e1_0.permanent_city,
        e1_0.permanent_country,
        e1_0.permanent_state,
        e1_0.permanent_zip_code,
        e1_0.personal_email,
        e1_0.phone,
        e1_0.presence_status,
        e1_0.profile_color,
        e1_0.profile_picture,
        e1_0.reset_token,
        e1_0.residential_address,
        e1_0.residential_city,
        e1_0.residential_country,
        e1_0.residential_state,
        e1_0.residential_zip_code,
        e1_0.role,
        e1_0.salary,
        e1_0.start_date,
        e1_0.state,
        e1_0.status,
        e1_0.submitted_documents,
        e1_0.token_expiry,
        e1_0.total_documents,
        e1_0.updated_date,
        e1_0.verified_documents,
        e1_0.work_location,
        e1_0.work_type,
        e1_0.zip_code 
    from
        employees e1_0 
    where
        e1_0.document_deadline is not null 
        and e1_0.onboarding_status in (?, ?, ?, ?)
2026-04-13 10:30:00 - org.hibernate.SQL - 
    select
        e1_0.id,
        e1_0.active,
        e1_0.address,
        e1_0.address_type,
        e1_0.city,
        e1_0.country,
        e1_0.created_date,
        e1_0.credentials_created,
        e1_0.currency,
        e1_0.date_of_birth,
        e1_0.deadline_final_sent,
        e1_0.deadline_warning_sent,
        e1_0.department,
        e1_0.designation,
        e1_0.document_deadline,
        e1_0.email,
        e1_0.emergency_contact,
        e1_0.employee_id,
        e1_0.employee_name,
        e1_0.employment_type,
        e1_0.first_name,
        e1_0.gender,
        e1_0.is_active,
        e1_0.last_name,
        e1_0.last_presence_update,
        e1_0.linkedin,
        e1_0.manager,
        e1_0.onboarding_completed_date,
        e1_0.onboarding_start_date,
        e1_0.onboarding_status,
        e1_0.password,
        e1_0.pay_frequency,
        e1_0.permanent_address,
        e1_0.permanent_city,
        e1_0.permanent_country,
        e1_0.permanent_state,
        e1_0.permanent_zip_code,
        e1_0.personal_email,
        e1_0.phone,
        e1_0.presence_status,
        e1_0.profile_color,
        e1_0.profile_picture,
        e1_0.reset_token,
        e1_0.residential_address,
        e1_0.residential_city,
        e1_0.residential_country,
        e1_0.residential_state,
        e1_0.residential_zip_code,
        e1_0.role,
        e1_0.salary,
        e1_0.start_date,
        e1_0.state,
        e1_0.status,
        e1_0.submitted_documents,
        e1_0.token_expiry,
        e1_0.total_documents,
        e1_0.updated_date,
        e1_0.verified_documents,
        e1_0.work_location,
        e1_0.work_type,
        e1_0.zip_code 
    from
        employees e1_0 
    where
        e1_0.document_deadline is not null 
        and e1_0.onboarding_status in (?, ?, ?, ?)
2026-04-13 10:35:00 - org.hibernate.SQL - 
    select
        e1_0.id,
        e1_0.active,
        e1_0.address,
        e1_0.address_type,
        e1_0.city,
        e1_0.country,
        e1_0.created_date,
        e1_0.credentials_created,
        e1_0.currency,
        e1_0.date_of_birth,
        e1_0.deadline_final_sent,
        e1_0.deadline_warning_sent,
        e1_0.department,
        e1_0.designation,
        e1_0.document_deadline,
        e1_0.email,
        e1_0.emergency_contact,
        e1_0.employee_id,
        e1_0.employee_name,
        e1_0.employment_type,
        e1_0.first_name,
        e1_0.gender,
        e1_0.is_active,
        e1_0.last_name,
        e1_0.last_presence_update,
        e1_0.linkedin,
        e1_0.manager,
        e1_0.onboarding_completed_date,
        e1_0.onboarding_start_date,
        e1_0.onboarding_status,
        e1_0.password,
        e1_0.pay_frequency,
        e1_0.permanent_address,
        e1_0.permanent_city,
        e1_0.permanent_country,
        e1_0.permanent_state,
        e1_0.permanent_zip_code,
        e1_0.personal_email,
        e1_0.phone,
        e1_0.presence_status,
        e1_0.profile_color,
        e1_0.profile_picture,
        e1_0.reset_token,
        e1_0.residential_address,
        e1_0.residential_city,
        e1_0.residential_country,
        e1_0.residential_state,
        e1_0.residential_zip_code,
        e1_0.role,
        e1_0.salary,
        e1_0.start_date,
        e1_0.state,
        e1_0.status,
        e1_0.submitted_documents,
        e1_0.token_expiry,
        e1_0.total_documents,
        e1_0.updated_date,
        e1_0.verified_documents,
        e1_0.work_location,
        e1_0.work_type,
        e1_0.zip_code 
    from
        employees e1_0 
    where
        e1_0.document_deadline is not null 
        and e1_0.onboarding_status in (?, ?, ?, ?)
2026-04-13 10:35:05 - o.s.w.s.c.WebSocketMessageBrokerStats - WebSocketSession[0 current WS(0)-HttpStream(0)-HttpPoll(0), 0 total, 0 closed abnormally (0 connect failure, 0 send limit, 0 transport error)], stompSubProtocol[processed CONNECT(0)-CONNECTED(0)-DISCONNECT(0)], stompBrokerRelay[null], inboundChannel[pool size = 0, active threads = 0, queued tasks = 0, completed tasks = 0], outboundChannel[pool size = 0, active threads = 0, queued tasks = 0, completed tasks = 0], sockJsScheduler[pool size = 8, active threads = 1, queued tasks = 4, completed tasks = 24]
2026-04-13 13:38:44 - com.zaxxer.hikari.pool.HikariPool - HikariPool-1 - Thread starvation or clock leap detected (housekeeper delta=3h5s921ms740µs900ns).
2026-04-13 13:39:35 - o.s.w.s.c.WebSocketMessageBrokerStats - WebSocketSession[0 current WS(0)-HttpStream(0)-HttpPoll(0), 0 total, 0 closed abnormally (0 connect failure, 0 send limit, 0 transport error)], stompSubProtocol[processed CONNECT(0)-CONNECTED(0)-DISCONNECT(0)], stompBrokerRelay[null], inboundChannel[pool size = 0, active threads = 0, queued tasks = 0, completed tasks = 0], outboundChannel[pool size = 0, active threads = 0, queued tasks = 0, completed tasks = 0], sockJsScheduler[pool size = 8, active threads = 3, queued tasks = 2, completed tasks = 25]
2026-04-13 13:39:35 - org.hibernate.SQL - 
    select
        e1_0.id,
        e1_0.active,
        e1_0.address,
        e1_0.address_type,
        e1_0.city,
        e1_0.country,
        e1_0.created_date,
        e1_0.credentials_created,
        e1_0.currency,
        e1_0.date_of_birth,
        e1_0.deadline_final_sent,
        e1_0.deadline_warning_sent,
        e1_0.department,
        e1_0.designation,
        e1_0.document_deadline,
        e1_0.email,
        e1_0.emergency_contact,
        e1_0.employee_id,
        e1_0.employee_name,
        e1_0.employment_type,
        e1_0.first_name,
        e1_0.gender,
        e1_0.is_active,
        e1_0.last_name,
        e1_0.last_presence_update,
        e1_0.linkedin,
        e1_0.manager,
        e1_0.onboarding_completed_date,
        e1_0.onboarding_start_date,
        e1_0.onboarding_status,
        e1_0.password,
        e1_0.pay_frequency,
        e1_0.permanent_address,
        e1_0.permanent_city,
        e1_0.permanent_country,
        e1_0.permanent_state,
        e1_0.permanent_zip_code,
        e1_0.personal_email,
        e1_0.phone,
        e1_0.presence_status,
        e1_0.profile_color,
        e1_0.profile_picture,
        e1_0.reset_token,
        e1_0.residential_address,
        e1_0.residential_city,
        e1_0.residential_country,
        e1_0.residential_state,
        e1_0.residential_zip_code,
        e1_0.role,
        e1_0.salary,
        e1_0.start_date,
        e1_0.state,
        e1_0.status,
        e1_0.submitted_documents,
        e1_0.token_expiry,
        e1_0.total_documents,
        e1_0.updated_date,
        e1_0.verified_documents,
        e1_0.work_location,
        e1_0.work_type,
        e1_0.zip_code 
    from
        employees e1_0
2026-04-13 13:39:35 - org.hibernate.SQL - 
    select
        e1_0.id,
        e1_0.active,
        e1_0.address,
        e1_0.address_type,
        e1_0.city,
        e1_0.country,
        e1_0.created_date,
        e1_0.credentials_created,
        e1_0.currency,
        e1_0.date_of_birth,
        e1_0.deadline_final_sent,
        e1_0.deadline_warning_sent,
        e1_0.department,
        e1_0.designation,
        e1_0.document_deadline,
        e1_0.email,
        e1_0.emergency_contact,
        e1_0.employee_id,
        e1_0.employee_name,
        e1_0.employment_type,
        e1_0.first_name,
        e1_0.gender,
        e1_0.is_active,
        e1_0.last_name,
        e1_0.last_presence_update,
        e1_0.linkedin,
        e1_0.manager,
        e1_0.onboarding_completed_date,
        e1_0.onboarding_start_date,
        e1_0.onboarding_status,
        e1_0.password,
        e1_0.pay_frequency,
        e1_0.permanent_address,
        e1_0.permanent_city,
        e1_0.permanent_country,
        e1_0.permanent_state,
        e1_0.permanent_zip_code,
        e1_0.personal_email,
        e1_0.phone,
        e1_0.presence_status,
        e1_0.profile_color,
        e1_0.profile_picture,
        e1_0.reset_token,
        e1_0.residential_address,
        e1_0.residential_city,
        e1_0.residential_country,
        e1_0.residential_state,
        e1_0.residential_zip_code,
        e1_0.role,
        e1_0.salary,
        e1_0.start_date,
        e1_0.state,
        e1_0.status,
        e1_0.submitted_documents,
        e1_0.token_expiry,
        e1_0.total_documents,
        e1_0.updated_date,
        e1_0.verified_documents,
        e1_0.work_location,
        e1_0.work_type,
        e1_0.zip_code 
    from
        employees e1_0 
    where
        e1_0.document_deadline is not null 
        and e1_0.onboarding_status in (?, ?, ?, ?)
2026-04-13 13:40:00 - org.hibernate.SQL - 
    select
        e1_0.id,
        e1_0.active,
        e1_0.address,
        e1_0.address_type,
        e1_0.city,
        e1_0.country,
        e1_0.created_date,
        e1_0.credentials_created,
        e1_0.currency,
        e1_0.date_of_birth,
        e1_0.deadline_final_sent,
        e1_0.deadline_warning_sent,
        e1_0.department,
        e1_0.designation,
        e1_0.document_deadline,
        e1_0.email,
        e1_0.emergency_contact,
        e1_0.employee_id,
        e1_0.employee_name,
        e1_0.employment_type,
        e1_0.first_name,
        e1_0.gender,
        e1_0.is_active,
        e1_0.last_name,
        e1_0.last_presence_update,
        e1_0.linkedin,
        e1_0.manager,
        e1_0.onboarding_completed_date,
        e1_0.onboarding_start_date,
        e1_0.onboarding_status,
        e1_0.password,
        e1_0.pay_frequency,
        e1_0.permanent_address,
        e1_0.permanent_city,
        e1_0.permanent_country,
        e1_0.permanent_state,
        e1_0.permanent_zip_code,
        e1_0.personal_email,
        e1_0.phone,
        e1_0.presence_status,
        e1_0.profile_color,
        e1_0.profile_picture,
        e1_0.reset_token,
        e1_0.residential_address,
        e1_0.residential_city,
        e1_0.residential_country,
        e1_0.residential_state,
        e1_0.residential_zip_code,
        e1_0.role,
        e1_0.salary,
        e1_0.start_date,
        e1_0.state,
        e1_0.status,
        e1_0.submitted_documents,
        e1_0.token_expiry,
        e1_0.total_documents,
        e1_0.updated_date,
        e1_0.verified_documents,
        e1_0.work_location,
        e1_0.work_type,
        e1_0.zip_code 
    from
        employees e1_0 
    where
        e1_0.document_deadline is not null 
        and e1_0.onboarding_status in (?, ?, ?, ?)
2026-04-13 13:45:00 - org.hibernate.SQL - 
    select
        e1_0.id,
        e1_0.active,
        e1_0.address,
        e1_0.address_type,
        e1_0.city,
        e1_0.country,
        e1_0.created_date,
        e1_0.credentials_created,
        e1_0.currency,
        e1_0.date_of_birth,
        e1_0.deadline_final_sent,
        e1_0.deadline_warning_sent,
        e1_0.department,
        e1_0.designation,
        e1_0.document_deadline,
        e1_0.email,
        e1_0.emergency_contact,
        e1_0.employee_id,
        e1_0.employee_name,
        e1_0.employment_type,
        e1_0.first_name,
        e1_0.gender,
        e1_0.is_active,
        e1_0.last_name,
        e1_0.last_presence_update,
        e1_0.linkedin,
        e1_0.manager,
        e1_0.onboarding_completed_date,
        e1_0.onboarding_start_date,
        e1_0.onboarding_status,
        e1_0.password,
        e1_0.pay_frequency,
        e1_0.permanent_address,
        e1_0.permanent_city,
        e1_0.permanent_country,
        e1_0.permanent_state,
        e1_0.permanent_zip_code,
        e1_0.personal_email,
        e1_0.phone,
        e1_0.presence_status,
        e1_0.profile_color,
        e1_0.profile_picture,
        e1_0.reset_token,
        e1_0.residential_address,
        e1_0.residential_city,
        e1_0.residential_country,
        e1_0.residential_state,
        e1_0.residential_zip_code,
        e1_0.role,
        e1_0.salary,
        e1_0.start_date,
        e1_0.state,
        e1_0.status,
        e1_0.submitted_documents,
        e1_0.token_expiry,
        e1_0.total_documents,
        e1_0.updated_date,
        e1_0.verified_documents,
        e1_0.work_location,
        e1_0.work_type,
        e1_0.zip_code 
    from
        employees e1_0 
    where
        e1_0.document_deadline is not null 
        and e1_0.onboarding_status in (?, ?, ?, ?)
2026-04-13 13:50:00 - org.hibernate.SQL - 
    select
        e1_0.id,
        e1_0.active,
        e1_0.address,
        e1_0.address_type,
        e1_0.city,
        e1_0.country,
        e1_0.created_date,
        e1_0.credentials_created,
        e1_0.currency,
        e1_0.date_of_birth,
        e1_0.deadline_final_sent,
        e1_0.deadline_warning_sent,
        e1_0.department,
        e1_0.designation,
        e1_0.document_deadline,
        e1_0.email,
        e1_0.emergency_contact,
        e1_0.employee_id,
        e1_0.employee_name,
        e1_0.employment_type,
        e1_0.first_name,
        e1_0.gender,
        e1_0.is_active,
        e1_0.last_name,
        e1_0.last_presence_update,
        e1_0.linkedin,
        e1_0.manager,
        e1_0.onboarding_completed_date,
        e1_0.onboarding_start_date,
        e1_0.onboarding_status,
        e1_0.password,
        e1_0.pay_frequency,
        e1_0.permanent_address,
        e1_0.permanent_city,
        e1_0.permanent_country,
        e1_0.permanent_state,
        e1_0.permanent_zip_code,
        e1_0.personal_email,
        e1_0.phone,
        e1_0.presence_status,
        e1_0.profile_color,
        e1_0.profile_picture,
        e1_0.reset_token,
        e1_0.residential_address,
        e1_0.residential_city,
        e1_0.residential_country,
        e1_0.residential_state,
        e1_0.residential_zip_code,
        e1_0.role,
        e1_0.salary,
        e1_0.start_date,
        e1_0.state,
        e1_0.status,
        e1_0.submitted_documents,
        e1_0.token_expiry,
        e1_0.total_documents,
        e1_0.updated_date,
        e1_0.verified_documents,
        e1_0.work_location,
        e1_0.work_type,
        e1_0.zip_code 
    from
        employees e1_0 
    where
        e1_0.document_deadline is not null 
        and e1_0.onboarding_status in (?, ?, ?, ?)
2026-04-13 13:55:14 - org.hibernate.SQL - 
    select
        e1_0.id,
        e1_0.active,
        e1_0.address,
        e1_0.address_type,
        e1_0.city,
        e1_0.country,
        e1_0.created_date,
        e1_0.credentials_created,
        e1_0.currency,
        e1_0.date_of_birth,
        e1_0.deadline_final_sent,
        e1_0.deadline_warning_sent,
        e1_0.department,
        e1_0.designation,
        e1_0.document_deadline,
        e1_0.email,
        e1_0.emergency_contact,
        e1_0.employee_id,
        e1_0.employee_name,
        e1_0.employment_type,
        e1_0.first_name,
        e1_0.gender,
        e1_0.is_active,
        e1_0.last_name,
        e1_0.last_presence_update,
        e1_0.linkedin,
        e1_0.manager,
        e1_0.onboarding_completed_date,
        e1_0.onboarding_start_date,
        e1_0.onboarding_status,
        e1_0.password,
        e1_0.pay_frequency,
        e1_0.permanent_address,
        e1_0.permanent_city,
        e1_0.permanent_country,
        e1_0.permanent_state,
        e1_0.permanent_zip_code,
        e1_0.personal_email,
        e1_0.phone,
        e1_0.presence_status,
        e1_0.profile_color,
        e1_0.profile_picture,
        e1_0.reset_token,
        e1_0.residential_address,
        e1_0.residential_city,
        e1_0.residential_country,
        e1_0.residential_state,
        e1_0.residential_zip_code,
        e1_0.role,
        e1_0.salary,
        e1_0.start_date,
        e1_0.state,
        e1_0.status,
        e1_0.submitted_documents,
        e1_0.token_expiry,
        e1_0.total_documents,
        e1_0.updated_date,
        e1_0.verified_documents,
        e1_0.work_location,
        e1_0.work_type,
        e1_0.zip_code 
    from
        employees e1_0 
    where
        e1_0.document_deadline is not null 
        and e1_0.onboarding_status in (?, ?, ?, ?)
2026-04-13 14:00:00 - org.hibernate.SQL - 
    select
        e1_0.id,
        e1_0.active,
        e1_0.address,
        e1_0.address_type,
        e1_0.city,
        e1_0.country,
        e1_0.created_date,
        e1_0.credentials_created,
        e1_0.currency,
        e1_0.date_of_birth,
        e1_0.deadline_final_sent,
        e1_0.deadline_warning_sent,
        e1_0.department,
        e1_0.designation,
        e1_0.document_deadline,
        e1_0.email,
        e1_0.emergency_contact,
        e1_0.employee_id,
        e1_0.employee_name,
        e1_0.employment_type,
        e1_0.first_name,
        e1_0.gender,
        e1_0.is_active,
        e1_0.last_name,
        e1_0.last_presence_update,
        e1_0.linkedin,
        e1_0.manager,
        e1_0.onboarding_completed_date,
        e1_0.onboarding_start_date,
        e1_0.onboarding_status,
        e1_0.password,
        e1_0.pay_frequency,
        e1_0.permanent_address,
        e1_0.permanent_city,
        e1_0.permanent_country,
        e1_0.permanent_state,
        e1_0.permanent_zip_code,
        e1_0.personal_email,
        e1_0.phone,
        e1_0.presence_status,
        e1_0.profile_color,
        e1_0.profile_picture,
        e1_0.reset_token,
        e1_0.residential_address,
        e1_0.residential_city,
        e1_0.residential_country,
        e1_0.residential_state,
        e1_0.residential_zip_code,
        e1_0.role,
        e1_0.salary,
        e1_0.start_date,
        e1_0.state,
        e1_0.status,
        e1_0.submitted_documents,
        e1_0.token_expiry,
        e1_0.total_documents,
        e1_0.updated_date,
        e1_0.verified_documents,
        e1_0.work_location,
        e1_0.work_type,
        e1_0.zip_code 
    from
        employees e1_0 
    where
        e1_0.document_deadline is not null 
        and e1_0.onboarding_status in (?, ?, ?, ?)
2026-04-13 14:00:00 - org.hibernate.SQL - 
    select
        e1_0.id,
        e1_0.active,
        e1_0.address,
        e1_0.address_type,
        e1_0.city,
        e1_0.country,
        e1_0.created_date,
        e1_0.credentials_created,
        e1_0.currency,
        e1_0.date_of_birth,
        e1_0.deadline_final_sent,
        e1_0.deadline_warning_sent,
        e1_0.department,
        e1_0.designation,
        e1_0.document_deadline,
        e1_0.email,
        e1_0.emergency_contact,
        e1_0.employee_id,
        e1_0.employee_name,
        e1_0.employment_type,
        e1_0.first_name,
        e1_0.gender,
        e1_0.is_active,
        e1_0.last_name,
        e1_0.last_presence_update,
        e1_0.linkedin,
        e1_0.manager,
        e1_0.onboarding_completed_date,
        e1_0.onboarding_start_date,
        e1_0.onboarding_status,
        e1_0.password,
        e1_0.pay_frequency,
        e1_0.permanent_address,
        e1_0.permanent_city,
        e1_0.permanent_country,
        e1_0.permanent_state,
        e1_0.permanent_zip_code,
        e1_0.personal_email,
        e1_0.phone,
        e1_0.presence_status,
        e1_0.profile_color,
        e1_0.profile_picture,
        e1_0.reset_token,
        e1_0.residential_address,
        e1_0.residential_city,
        e1_0.residential_country,
        e1_0.residential_state,
        e1_0.residential_zip_code,
        e1_0.role,
        e1_0.salary,
        e1_0.start_date,
        e1_0.state,
        e1_0.status,
        e1_0.submitted_documents,
        e1_0.token_expiry,
        e1_0.total_documents,
        e1_0.updated_date,
        e1_0.verified_documents,
        e1_0.work_location,
        e1_0.work_type,
        e1_0.zip_code 
    from
        employees e1_0
2026-04-13 14:05:00 - org.hibernate.SQL - 
    select
        e1_0.id,
        e1_0.active,
        e1_0.address,
        e1_0.address_type,
        e1_0.city,
        e1_0.country,
        e1_0.created_date,
        e1_0.credentials_created,
        e1_0.currency,
        e1_0.date_of_birth,
        e1_0.deadline_final_sent,
        e1_0.deadline_warning_sent,
        e1_0.department,
        e1_0.designation,
        e1_0.document_deadline,
        e1_0.email,
        e1_0.emergency_contact,
        e1_0.employee_id,
        e1_0.employee_name,
        e1_0.employment_type,
        e1_0.first_name,
        e1_0.gender,
        e1_0.is_active,
        e1_0.last_name,
        e1_0.last_presence_update,
        e1_0.linkedin,
        e1_0.manager,
        e1_0.onboarding_completed_date,
        e1_0.onboarding_start_date,
        e1_0.onboarding_status,
        e1_0.password,
        e1_0.pay_frequency,
        e1_0.permanent_address,
        e1_0.permanent_city,
        e1_0.permanent_country,
        e1_0.permanent_state,
        e1_0.permanent_zip_code,
        e1_0.personal_email,
        e1_0.phone,
        e1_0.presence_status,
        e1_0.profile_color,
        e1_0.profile_picture,
        e1_0.reset_token,
        e1_0.residential_address,
        e1_0.residential_city,
        e1_0.residential_country,
        e1_0.residential_state,
        e1_0.residential_zip_code,
        e1_0.role,
        e1_0.salary,
        e1_0.start_date,
        e1_0.state,
        e1_0.status,
        e1_0.submitted_documents,
        e1_0.token_expiry,
        e1_0.total_documents,
        e1_0.updated_date,
        e1_0.verified_documents,
        e1_0.work_location,
        e1_0.work_type,
        e1_0.zip_code 
    from
        employees e1_0 
    where
        e1_0.document_deadline is not null 
        and e1_0.onboarding_status in (?, ?, ?, ?)
2026-04-13 14:09:35 - o.s.w.s.c.WebSocketMessageBrokerStats - WebSocketSession[0 current WS(0)-HttpStream(0)-HttpPoll(0), 0 total, 0 closed abnormally (0 connect failure, 0 send limit, 0 transport error)], stompSubProtocol[processed CONNECT(0)-CONNECTED(0)-DISCONNECT(0)], stompBrokerRelay[null], inboundChannel[pool size = 0, active threads = 0, queued tasks = 0, completed tasks = 0], outboundChannel[pool size = 0, active threads = 0, queued tasks = 0, completed tasks = 0], sockJsScheduler[pool size = 8, active threads = 1, queued tasks = 4, completed tasks = 35]
2026-04-13 14:10:00 - org.hibernate.SQL - 
    select
        e1_0.id,
        e1_0.active,
        e1_0.address,
        e1_0.address_type,
        e1_0.city,
        e1_0.country,
        e1_0.created_date,
        e1_0.credentials_created,
        e1_0.currency,
        e1_0.date_of_birth,
        e1_0.deadline_final_sent,
        e1_0.deadline_warning_sent,
        e1_0.department,
        e1_0.designation,
        e1_0.document_deadline,
        e1_0.email,
        e1_0.emergency_contact,
        e1_0.employee_id,
        e1_0.employee_name,
        e1_0.employment_type,
        e1_0.first_name,
        e1_0.gender,
        e1_0.is_active,
        e1_0.last_name,
        e1_0.last_presence_update,
        e1_0.linkedin,
        e1_0.manager,
        e1_0.onboarding_completed_date,
        e1_0.onboarding_start_date,
        e1_0.onboarding_status,
        e1_0.password,
        e1_0.pay_frequency,
        e1_0.permanent_address,
        e1_0.permanent_city,
        e1_0.permanent_country,
        e1_0.permanent_state,
        e1_0.permanent_zip_code,
        e1_0.personal_email,
        e1_0.phone,
        e1_0.presence_status,
        e1_0.profile_color,
        e1_0.profile_picture,
        e1_0.reset_token,
        e1_0.residential_address,
        e1_0.residential_city,
        e1_0.residential_country,
        e1_0.residential_state,
        e1_0.residential_zip_code,
        e1_0.role,
        e1_0.salary,
        e1_0.start_date,
        e1_0.state,
        e1_0.status,
        e1_0.submitted_documents,
        e1_0.token_expiry,
        e1_0.total_documents,
        e1_0.updated_date,
        e1_0.verified_documents,
        e1_0.work_location,
        e1_0.work_type,
        e1_0.zip_code 
    from
        employees e1_0 
    where
        e1_0.document_deadline is not null 
        and e1_0.onboarding_status in (?, ?, ?, ?)
2026-04-13 14:15:00 - org.hibernate.SQL - 
    select
        e1_0.id,
        e1_0.active,
        e1_0.address,
        e1_0.address_type,
        e1_0.city,
        e1_0.country,
        e1_0.created_date,
        e1_0.credentials_created,
        e1_0.currency,
        e1_0.date_of_birth,
        e1_0.deadline_final_sent,
        e1_0.deadline_warning_sent,
        e1_0.department,
        e1_0.designation,
        e1_0.document_deadline,
        e1_0.email,
        e1_0.emergency_contact,
        e1_0.employee_id,
        e1_0.employee_name,
        e1_0.employment_type,
        e1_0.first_name,
        e1_0.gender,
        e1_0.is_active,
        e1_0.last_name,
        e1_0.last_presence_update,
        e1_0.linkedin,
        e1_0.manager,
        e1_0.onboarding_completed_date,
        e1_0.onboarding_start_date,
        e1_0.onboarding_status,
        e1_0.password,
        e1_0.pay_frequency,
        e1_0.permanent_address,
        e1_0.permanent_city,
        e1_0.permanent_country,
        e1_0.permanent_state,
        e1_0.permanent_zip_code,
        e1_0.personal_email,
        e1_0.phone,
        e1_0.presence_status,
        e1_0.profile_color,
        e1_0.profile_picture,
        e1_0.reset_token,
        e1_0.residential_address,
        e1_0.residential_city,
        e1_0.residential_country,
        e1_0.residential_state,
        e1_0.residential_zip_code,
        e1_0.role,
        e1_0.salary,
        e1_0.start_date,
        e1_0.state,
        e1_0.status,
        e1_0.submitted_documents,
        e1_0.token_expiry,
        e1_0.total_documents,
        e1_0.updated_date,
        e1_0.verified_documents,
        e1_0.work_location,
        e1_0.work_type,
        e1_0.zip_code 
    from
        employees e1_0 
    where
        e1_0.document_deadline is not null 
        and e1_0.onboarding_status in (?, ?, ?, ?)
2026-04-13 14:20:00 - org.hibernate.SQL - 
    select
        e1_0.id,
        e1_0.active,
        e1_0.address,
        e1_0.address_type,
        e1_0.city,
        e1_0.country,
        e1_0.created_date,
        e1_0.credentials_created,
        e1_0.currency,
        e1_0.date_of_birth,
        e1_0.deadline_final_sent,
        e1_0.deadline_warning_sent,
        e1_0.department,
        e1_0.designation,
        e1_0.document_deadline,
        e1_0.email,
        e1_0.emergency_contact,
        e1_0.employee_id,
        e1_0.employee_name,
        e1_0.employment_type,
        e1_0.first_name,
        e1_0.gender,
        e1_0.is_active,
        e1_0.last_name,
        e1_0.last_presence_update,
        e1_0.linkedin,
        e1_0.manager,
        e1_0.onboarding_completed_date,
        e1_0.onboarding_start_date,
        e1_0.onboarding_status,
        e1_0.password,
        e1_0.pay_frequency,
        e1_0.permanent_address,
        e1_0.permanent_city,
        e1_0.permanent_country,
        e1_0.permanent_state,
        e1_0.permanent_zip_code,
        e1_0.personal_email,
        e1_0.phone,
        e1_0.presence_status,
        e1_0.profile_color,
        e1_0.profile_picture,
        e1_0.reset_token,
        e1_0.residential_address,
        e1_0.residential_city,
        e1_0.residential_country,
        e1_0.residential_state,
        e1_0.residential_zip_code,
        e1_0.role,
        e1_0.salary,
        e1_0.start_date,
        e1_0.state,
        e1_0.status,
        e1_0.submitted_documents,
        e1_0.token_expiry,
        e1_0.total_documents,
        e1_0.updated_date,
        e1_0.verified_documents,
        e1_0.work_location,
        e1_0.work_type,
        e1_0.zip_code 
    from
        employees e1_0 
    where
        e1_0.document_deadline is not null 
        and e1_0.onboarding_status in (?, ?, ?, ?)
2026-04-13 14:40:15 - com.zaxxer.hikari.pool.HikariPool - HikariPool-1 - Thread starvation or clock leap detected (housekeeper delta=16m45s904ms328µs700ns).
2026-04-13 14:41:15 - o.s.w.s.c.WebSocketMessageBrokerStats - WebSocketSession[0 current WS(0)-HttpStream(0)-HttpPoll(0), 0 total, 0 closed abnormally (0 connect failure, 0 send limit, 0 transport error)], stompSubProtocol[processed CONNECT(0)-CONNECTED(0)-DISCONNECT(0)], stompBrokerRelay[null], inboundChannel[pool size = 0, active threads = 0, queued tasks = 0, completed tasks = 0], outboundChannel[pool size = 0, active threads = 0, queued tasks = 0, completed tasks = 0], sockJsScheduler[pool size = 8, active threads = 2, queued tasks = 3, completed tasks = 39]
2026-04-13 14:41:15 - org.hibernate.SQL - 
    select
        e1_0.id,
        e1_0.active,
        e1_0.address,
        e1_0.address_type,
        e1_0.city,
        e1_0.country,
        e1_0.created_date,
        e1_0.credentials_created,
        e1_0.currency,
        e1_0.date_of_birth,
        e1_0.deadline_final_sent,
        e1_0.deadline_warning_sent,
        e1_0.department,
        e1_0.designation,
        e1_0.document_deadline,
        e1_0.email,
        e1_0.emergency_contact,
        e1_0.employee_id,
        e1_0.employee_name,
        e1_0.employment_type,
        e1_0.first_name,
        e1_0.gender,
        e1_0.is_active,
        e1_0.last_name,
        e1_0.last_presence_update,
        e1_0.linkedin,
        e1_0.manager,
        e1_0.onboarding_completed_date,
        e1_0.onboarding_start_date,
        e1_0.onboarding_status,
        e1_0.password,
        e1_0.pay_frequency,
        e1_0.permanent_address,
        e1_0.permanent_city,
        e1_0.permanent_country,
        e1_0.permanent_state,
        e1_0.permanent_zip_code,
        e1_0.personal_email,
        e1_0.phone,
        e1_0.presence_status,
        e1_0.profile_color,
        e1_0.profile_picture,
        e1_0.reset_token,
        e1_0.residential_address,
        e1_0.residential_city,
        e1_0.residential_country,
        e1_0.residential_state,
        e1_0.residential_zip_code,
        e1_0.role,
        e1_0.salary,
        e1_0.start_date,
        e1_0.state,
        e1_0.status,
        e1_0.submitted_documents,
        e1_0.token_expiry,
        e1_0.total_documents,
        e1_0.updated_date,
        e1_0.verified_documents,
        e1_0.work_location,
        e1_0.work_type,
        e1_0.zip_code 
    from
        employees e1_0 
    where
        e1_0.document_deadline is not null 
        and e1_0.onboarding_status in (?, ?, ?, ?)
2026-04-13 14:45:00 - org.hibernate.SQL - 
    select
        e1_0.id,
        e1_0.active,
        e1_0.address,
        e1_0.address_type,
        e1_0.city,
        e1_0.country,
        e1_0.created_date,
        e1_0.credentials_created,
        e1_0.currency,
        e1_0.date_of_birth,
        e1_0.deadline_final_sent,
        e1_0.deadline_warning_sent,
        e1_0.department,
        e1_0.designation,
        e1_0.document_deadline,
        e1_0.email,
        e1_0.emergency_contact,
        e1_0.employee_id,
        e1_0.employee_name,
        e1_0.employment_type,
        e1_0.first_name,
        e1_0.gender,
        e1_0.is_active,
        e1_0.last_name,
        e1_0.last_presence_update,
        e1_0.linkedin,
        e1_0.manager,
        e1_0.onboarding_completed_date,
        e1_0.onboarding_start_date,
        e1_0.onboarding_status,
        e1_0.password,
        e1_0.pay_frequency,
        e1_0.permanent_address,
        e1_0.permanent_city,
        e1_0.permanent_country,
        e1_0.permanent_state,
        e1_0.permanent_zip_code,
        e1_0.personal_email,
        e1_0.phone,
        e1_0.presence_status,
        e1_0.profile_color,
        e1_0.profile_picture,
        e1_0.reset_token,
        e1_0.residential_address,
        e1_0.residential_city,
        e1_0.residential_country,
        e1_0.residential_state,
        e1_0.residential_zip_code,
        e1_0.role,
        e1_0.salary,
        e1_0.start_date,
        e1_0.state,
        e1_0.status,
        e1_0.submitted_documents,
        e1_0.token_expiry,
        e1_0.total_documents,
        e1_0.updated_date,
        e1_0.verified_documents,
        e1_0.work_location,
        e1_0.work_type,
        e1_0.zip_code 
    from
        employees e1_0 
    where
        e1_0.document_deadline is not null 
        and e1_0.onboarding_status in (?, ?, ?, ?)
2026-04-13 14:50:00 - org.hibernate.SQL - 
    select
        e1_0.id,
        e1_0.active,
        e1_0.address,
        e1_0.address_type,
        e1_0.city,
        e1_0.country,
        e1_0.created_date,
        e1_0.credentials_created,
        e1_0.currency,
        e1_0.date_of_birth,
        e1_0.deadline_final_sent,
        e1_0.deadline_warning_sent,
        e1_0.department,
        e1_0.designation,
        e1_0.document_deadline,
        e1_0.email,
        e1_0.emergency_contact,
        e1_0.employee_id,
        e1_0.employee_name,
        e1_0.employment_type,
        e1_0.first_name,
        e1_0.gender,
        e1_0.is_active,
        e1_0.last_name,
        e1_0.last_presence_update,
        e1_0.linkedin,
        e1_0.manager,
        e1_0.onboarding_completed_date,
        e1_0.onboarding_start_date,
        e1_0.onboarding_status,
        e1_0.password,
        e1_0.pay_frequency,
        e1_0.permanent_address,
        e1_0.permanent_city,
        e1_0.permanent_country,
        e1_0.permanent_state,
        e1_0.permanent_zip_code,
        e1_0.personal_email,
        e1_0.phone,
        e1_0.presence_status,
        e1_0.profile_color,
        e1_0.profile_picture,
        e1_0.reset_token,
        e1_0.residential_address,
        e1_0.residential_city,
        e1_0.residential_country,
        e1_0.residential_state,
        e1_0.residential_zip_code,
        e1_0.role,
        e1_0.salary,
        e1_0.start_date,
        e1_0.state,
        e1_0.status,
        e1_0.submitted_documents,
        e1_0.token_expiry,
        e1_0.total_documents,
        e1_0.updated_date,
        e1_0.verified_documents,
        e1_0.work_location,
        e1_0.work_type,
        e1_0.zip_code 
    from
        employees e1_0 
    where
        e1_0.document_deadline is not null 
        and e1_0.onboarding_status in (?, ?, ?, ?)
2026-04-13 14:55:00 - org.hibernate.SQL - 
    select
        e1_0.id,
        e1_0.active,
        e1_0.address,
        e1_0.address_type,
        e1_0.city,
        e1_0.country,
        e1_0.created_date,
        e1_0.credentials_created,
        e1_0.currency,
        e1_0.date_of_birth,
        e1_0.deadline_final_sent,
        e1_0.deadline_warning_sent,
        e1_0.department,
        e1_0.designation,
        e1_0.document_deadline,
        e1_0.email,
        e1_0.emergency_contact,
        e1_0.employee_id,
        e1_0.employee_name,
        e1_0.employment_type,
        e1_0.first_name,
        e1_0.gender,
        e1_0.is_active,
        e1_0.last_name,
        e1_0.last_presence_update,
        e1_0.linkedin,
        e1_0.manager,
        e1_0.onboarding_completed_date,
        e1_0.onboarding_start_date,
        e1_0.onboarding_status,
        e1_0.password,
        e1_0.pay_frequency,
        e1_0.permanent_address,
        e1_0.permanent_city,
        e1_0.permanent_country,
        e1_0.permanent_state,
        e1_0.permanent_zip_code,
        e1_0.personal_email,
        e1_0.phone,
        e1_0.presence_status,
        e1_0.profile_color,
        e1_0.profile_picture,
        e1_0.reset_token,
        e1_0.residential_address,
        e1_0.residential_city,
        e1_0.residential_country,
        e1_0.residential_state,
        e1_0.residential_zip_code,
        e1_0.role,
        e1_0.salary,
        e1_0.start_date,
        e1_0.state,
        e1_0.status,
        e1_0.submitted_documents,
        e1_0.token_expiry,
        e1_0.total_documents,
        e1_0.updated_date,
        e1_0.verified_documents,
        e1_0.work_location,
        e1_0.work_type,
        e1_0.zip_code 
    from
        employees e1_0 
    where
        e1_0.document_deadline is not null 
        and e1_0.onboarding_status in (?, ?, ?, ?)
2026-04-13 15:00:00 - org.hibernate.SQL - 
    select
        e1_0.id,
        e1_0.active,
        e1_0.address,
        e1_0.address_type,
        e1_0.city,
        e1_0.country,
        e1_0.created_date,
        e1_0.credentials_created,
        e1_0.currency,
        e1_0.date_of_birth,
        e1_0.deadline_final_sent,
        e1_0.deadline_warning_sent,
        e1_0.department,
        e1_0.designation,
        e1_0.document_deadline,
        e1_0.email,
        e1_0.emergency_contact,
        e1_0.employee_id,
        e1_0.employee_name,
        e1_0.employment_type,
        e1_0.first_name,
        e1_0.gender,
        e1_0.is_active,
        e1_0.last_name,
        e1_0.last_presence_update,
        e1_0.linkedin,
        e1_0.manager,
        e1_0.onboarding_completed_date,
        e1_0.onboarding_start_date,
        e1_0.onboarding_status,
        e1_0.password,
        e1_0.pay_frequency,
        e1_0.permanent_address,
        e1_0.permanent_city,
        e1_0.permanent_country,
        e1_0.permanent_state,
        e1_0.permanent_zip_code,
        e1_0.personal_email,
        e1_0.phone,
        e1_0.presence_status,
        e1_0.profile_color,
        e1_0.profile_picture,
        e1_0.reset_token,
        e1_0.residential_address,
        e1_0.residential_city,
        e1_0.residential_country,
        e1_0.residential_state,
        e1_0.residential_zip_code,
        e1_0.role,
        e1_0.salary,
        e1_0.start_date,
        e1_0.state,
        e1_0.status,
        e1_0.submitted_documents,
        e1_0.token_expiry,
        e1_0.total_documents,
        e1_0.updated_date,
        e1_0.verified_documents,
        e1_0.work_location,
        e1_0.work_type,
        e1_0.zip_code 
    from
        employees e1_0 
    where
        e1_0.document_deadline is not null 
        and e1_0.onboarding_status in (?, ?, ?, ?)
2026-04-13 15:00:00 - org.hibernate.SQL - 
    select
        e1_0.id,
        e1_0.active,
        e1_0.address,
        e1_0.address_type,
        e1_0.city,
        e1_0.country,
        e1_0.created_date,
        e1_0.credentials_created,
        e1_0.currency,
        e1_0.date_of_birth,
        e1_0.deadline_final_sent,
        e1_0.deadline_warning_sent,
        e1_0.department,
        e1_0.designation,
        e1_0.document_deadline,
        e1_0.email,
        e1_0.emergency_contact,
        e1_0.employee_id,
        e1_0.employee_name,
        e1_0.employment_type,
        e1_0.first_name,
        e1_0.gender,
        e1_0.is_active,
        e1_0.last_name,
        e1_0.last_presence_update,
        e1_0.linkedin,
        e1_0.manager,
        e1_0.onboarding_completed_date,
        e1_0.onboarding_start_date,
        e1_0.onboarding_status,
        e1_0.password,
        e1_0.pay_frequency,
        e1_0.permanent_address,
        e1_0.permanent_city,
        e1_0.permanent_country,
        e1_0.permanent_state,
        e1_0.permanent_zip_code,
        e1_0.personal_email,
        e1_0.phone,
        e1_0.presence_status,
        e1_0.profile_color,
        e1_0.profile_picture,
        e1_0.reset_token,
        e1_0.residential_address,
        e1_0.residential_city,
        e1_0.residential_country,
        e1_0.residential_state,
        e1_0.residential_zip_code,
        e1_0.role,
        e1_0.salary,
        e1_0.start_date,
        e1_0.state,
        e1_0.status,
        e1_0.submitted_documents,
        e1_0.token_expiry,
        e1_0.total_documents,
        e1_0.updated_date,
        e1_0.verified_documents,
        e1_0.work_location,
        e1_0.work_type,
        e1_0.zip_code 
    from
        employees e1_0
2026-04-13 15:05:00 - org.hibernate.SQL - 
    select
        e1_0.id,
        e1_0.active,
        e1_0.address,
        e1_0.address_type,
        e1_0.city,
        e1_0.country,
        e1_0.created_date,
        e1_0.credentials_created,
        e1_0.currency,
        e1_0.date_of_birth,
        e1_0.deadline_final_sent,
        e1_0.deadline_warning_sent,
        e1_0.department,
        e1_0.designation,
        e1_0.document_deadline,
        e1_0.email,
        e1_0.emergency_contact,
        e1_0.employee_id,
        e1_0.employee_name,
        e1_0.employment_type,
        e1_0.first_name,
        e1_0.gender,
        e1_0.is_active,
        e1_0.last_name,
        e1_0.last_presence_update,
        e1_0.linkedin,
        e1_0.manager,
        e1_0.onboarding_completed_date,
        e1_0.onboarding_start_date,
        e1_0.onboarding_status,
        e1_0.password,
        e1_0.pay_frequency,
        e1_0.permanent_address,
        e1_0.permanent_city,
        e1_0.permanent_country,
        e1_0.permanent_state,
        e1_0.permanent_zip_code,
        e1_0.personal_email,
        e1_0.phone,
        e1_0.presence_status,
        e1_0.profile_color,
        e1_0.profile_picture,
        e1_0.reset_token,
        e1_0.residential_address,
        e1_0.residential_city,
        e1_0.residential_country,
        e1_0.residential_state,
        e1_0.residential_zip_code,
        e1_0.role,
        e1_0.salary,
        e1_0.start_date,
        e1_0.state,
        e1_0.status,
        e1_0.submitted_documents,
        e1_0.token_expiry,
        e1_0.total_documents,
        e1_0.updated_date,
        e1_0.verified_documents,
        e1_0.work_location,
        e1_0.work_type,
        e1_0.zip_code 
    from
        employees e1_0 
    where
        e1_0.document_deadline is not null 
        and e1_0.onboarding_status in (?, ?, ?, ?)
2026-04-13 15:10:00 - org.hibernate.SQL - 
    select
        e1_0.id,
        e1_0.active,
        e1_0.address,
        e1_0.address_type,
        e1_0.city,
        e1_0.country,
        e1_0.created_date,
        e1_0.credentials_created,
        e1_0.currency,
        e1_0.date_of_birth,
        e1_0.deadline_final_sent,
        e1_0.deadline_warning_sent,
        e1_0.department,
        e1_0.designation,
        e1_0.document_deadline,
        e1_0.email,
        e1_0.emergency_contact,
        e1_0.employee_id,
        e1_0.employee_name,
        e1_0.employment_type,
        e1_0.first_name,
        e1_0.gender,
        e1_0.is_active,
        e1_0.last_name,
        e1_0.last_presence_update,
        e1_0.linkedin,
        e1_0.manager,
        e1_0.onboarding_completed_date,
        e1_0.onboarding_start_date,
        e1_0.onboarding_status,
        e1_0.password,
        e1_0.pay_frequency,
        e1_0.permanent_address,
        e1_0.permanent_city,
        e1_0.permanent_country,
        e1_0.permanent_state,
        e1_0.permanent_zip_code,
        e1_0.personal_email,
        e1_0.phone,
        e1_0.presence_status,
        e1_0.profile_color,
        e1_0.profile_picture,
        e1_0.reset_token,
        e1_0.residential_address,
        e1_0.residential_city,
        e1_0.residential_country,
        e1_0.residential_state,
        e1_0.residential_zip_code,
        e1_0.role,
        e1_0.salary,
        e1_0.start_date,
        e1_0.state,
        e1_0.status,
        e1_0.submitted_documents,
        e1_0.token_expiry,
        e1_0.total_documents,
        e1_0.updated_date,
        e1_0.verified_documents,
        e1_0.work_location,
        e1_0.work_type,
        e1_0.zip_code 
    from
        employees e1_0 
    where
        e1_0.document_deadline is not null 
        and e1_0.onboarding_status in (?, ?, ?, ?)
2026-04-13 15:11:15 - o.s.w.s.c.WebSocketMessageBrokerStats - WebSocketSession[0 current WS(0)-HttpStream(0)-HttpPoll(0), 0 total, 0 closed abnormally (0 connect failure, 0 send limit, 0 transport error)], stompSubProtocol[processed CONNECT(0)-CONNECTED(0)-DISCONNECT(0)], stompBrokerRelay[null], inboundChannel[pool size = 0, active threads = 0, queued tasks = 0, completed tasks = 0], outboundChannel[pool size = 0, active threads = 0, queued tasks = 0, completed tasks = 0], sockJsScheduler[pool size = 8, active threads = 1, queued tasks = 4, completed tasks = 48]
2026-04-13 15:15:00 - org.hibernate.SQL - 
    select
        e1_0.id,
        e1_0.active,
        e1_0.address,
        e1_0.address_type,
        e1_0.city,
        e1_0.country,
        e1_0.created_date,
        e1_0.credentials_created,
        e1_0.currency,
        e1_0.date_of_birth,
        e1_0.deadline_final_sent,
        e1_0.deadline_warning_sent,
        e1_0.department,
        e1_0.designation,
        e1_0.document_deadline,
        e1_0.email,
        e1_0.emergency_contact,
        e1_0.employee_id,
        e1_0.employee_name,
        e1_0.employment_type,
        e1_0.first_name,
        e1_0.gender,
        e1_0.is_active,
        e1_0.last_name,
        e1_0.last_presence_update,
        e1_0.linkedin,
        e1_0.manager,
        e1_0.onboarding_completed_date,
        e1_0.onboarding_start_date,
        e1_0.onboarding_status,
        e1_0.password,
        e1_0.pay_frequency,
        e1_0.permanent_address,
        e1_0.permanent_city,
        e1_0.permanent_country,
        e1_0.permanent_state,
        e1_0.permanent_zip_code,
        e1_0.personal_email,
        e1_0.phone,
        e1_0.presence_status,
        e1_0.profile_color,
        e1_0.profile_picture,
        e1_0.reset_token,
        e1_0.residential_address,
        e1_0.residential_city,
        e1_0.residential_country,
        e1_0.residential_state,
        e1_0.residential_zip_code,
        e1_0.role,
        e1_0.salary,
        e1_0.start_date,
        e1_0.state,
        e1_0.status,
        e1_0.submitted_documents,
        e1_0.token_expiry,
        e1_0.total_documents,
        e1_0.updated_date,
        e1_0.verified_documents,
        e1_0.work_location,
        e1_0.work_type,
        e1_0.zip_code 
    from
        employees e1_0 
    where
        e1_0.document_deadline is not null 
        and e1_0.onboarding_status in (?, ?, ?, ?)
2026-04-13 15:20:00 - org.hibernate.SQL - 
    select
        e1_0.id,
        e1_0.active,
        e1_0.address,
        e1_0.address_type,
        e1_0.city,
        e1_0.country,
        e1_0.created_date,
        e1_0.credentials_created,
        e1_0.currency,
        e1_0.date_of_birth,
        e1_0.deadline_final_sent,
        e1_0.deadline_warning_sent,
        e1_0.department,
        e1_0.designation,
        e1_0.document_deadline,
        e1_0.email,
        e1_0.emergency_contact,
        e1_0.employee_id,
        e1_0.employee_name,
        e1_0.employment_type,
        e1_0.first_name,
        e1_0.gender,
        e1_0.is_active,
        e1_0.last_name,
        e1_0.last_presence_update,
        e1_0.linkedin,
        e1_0.manager,
        e1_0.onboarding_completed_date,
        e1_0.onboarding_start_date,
        e1_0.onboarding_status,
        e1_0.password,
        e1_0.pay_frequency,
        e1_0.permanent_address,
        e1_0.permanent_city,
        e1_0.permanent_country,
        e1_0.permanent_state,
        e1_0.permanent_zip_code,
        e1_0.personal_email,
        e1_0.phone,
        e1_0.presence_status,
        e1_0.profile_color,
        e1_0.profile_picture,
        e1_0.reset_token,
        e1_0.residential_address,
        e1_0.residential_city,
        e1_0.residential_country,
        e1_0.residential_state,
        e1_0.residential_zip_code,
        e1_0.role,
        e1_0.salary,
        e1_0.start_date,
        e1_0.state,
        e1_0.status,
        e1_0.submitted_documents,
        e1_0.token_expiry,
        e1_0.total_documents,
        e1_0.updated_date,
        e1_0.verified_documents,
        e1_0.work_location,
        e1_0.work_type,
        e1_0.zip_code 
    from
        employees e1_0 
    where
        e1_0.document_deadline is not null 
        and e1_0.onboarding_status in (?, ?, ?, ?)
2026-04-13 15:25:00 - org.hibernate.SQL - 
    select
        e1_0.id,
        e1_0.active,
        e1_0.address,
        e1_0.address_type,
        e1_0.city,
        e1_0.country,
        e1_0.created_date,
        e1_0.credentials_created,
        e1_0.currency,
        e1_0.date_of_birth,
        e1_0.deadline_final_sent,
        e1_0.deadline_warning_sent,
        e1_0.department,
        e1_0.designation,
        e1_0.document_deadline,
        e1_0.email,
        e1_0.emergency_contact,
        e1_0.employee_id,
        e1_0.employee_name,
        e1_0.employment_type,
        e1_0.first_name,
        e1_0.gender,
        e1_0.is_active,
        e1_0.last_name,
        e1_0.last_presence_update,
        e1_0.linkedin,
        e1_0.manager,
        e1_0.onboarding_completed_date,
        e1_0.onboarding_start_date,
        e1_0.onboarding_status,
        e1_0.password,
        e1_0.pay_frequency,
        e1_0.permanent_address,
        e1_0.permanent_city,
        e1_0.permanent_country,
        e1_0.permanent_state,
        e1_0.permanent_zip_code,
        e1_0.personal_email,
        e1_0.phone,
        e1_0.presence_status,
        e1_0.profile_color,
        e1_0.profile_picture,
        e1_0.reset_token,
        e1_0.residential_address,
        e1_0.residential_city,
        e1_0.residential_country,
        e1_0.residential_state,
        e1_0.residential_zip_code,
        e1_0.role,
        e1_0.salary,
        e1_0.start_date,
        e1_0.state,
        e1_0.status,
        e1_0.submitted_documents,
        e1_0.token_expiry,
        e1_0.total_documents,
        e1_0.updated_date,
        e1_0.verified_documents,
        e1_0.work_location,
        e1_0.work_type,
        e1_0.zip_code 
    from
        employees e1_0 
    where
        e1_0.document_deadline is not null 
        and e1_0.onboarding_status in (?, ?, ?, ?)
2026-04-13 15:30:00 - org.hibernate.SQL - 
    select
        e1_0.id,
        e1_0.active,
        e1_0.address,
        e1_0.address_type,
        e1_0.city,
        e1_0.country,
        e1_0.created_date,
        e1_0.credentials_created,
        e1_0.currency,
        e1_0.date_of_birth,
        e1_0.deadline_final_sent,
        e1_0.deadline_warning_sent,
        e1_0.department,
        e1_0.designation,
        e1_0.document_deadline,
        e1_0.email,
        e1_0.emergency_contact,
        e1_0.employee_id,
        e1_0.employee_name,
        e1_0.employment_type,
        e1_0.first_name,
        e1_0.gender,
        e1_0.is_active,
        e1_0.last_name,
        e1_0.last_presence_update,
        e1_0.linkedin,
        e1_0.manager,
        e1_0.onboarding_completed_date,
        e1_0.onboarding_start_date,
        e1_0.onboarding_status,
        e1_0.password,
        e1_0.pay_frequency,
        e1_0.permanent_address,
        e1_0.permanent_city,
        e1_0.permanent_country,
        e1_0.permanent_state,
        e1_0.permanent_zip_code,
        e1_0.personal_email,
        e1_0.phone,
        e1_0.presence_status,
        e1_0.profile_color,
        e1_0.profile_picture,
        e1_0.reset_token,
        e1_0.residential_address,
        e1_0.residential_city,
        e1_0.residential_country,
        e1_0.residential_state,
        e1_0.residential_zip_code,
        e1_0.role,
        e1_0.salary,
        e1_0.start_date,
        e1_0.state,
        e1_0.status,
        e1_0.submitted_documents,
        e1_0.token_expiry,
        e1_0.total_documents,
        e1_0.updated_date,
        e1_0.verified_documents,
        e1_0.work_location,
        e1_0.work_type,
        e1_0.zip_code 
    from
        employees e1_0 
    where
        e1_0.document_deadline is not null 
        and e1_0.onboarding_status in (?, ?, ?, ?)
2026-04-13 15:35:00 - org.hibernate.SQL - 
    select
        e1_0.id,
        e1_0.active,
        e1_0.address,
        e1_0.address_type,
        e1_0.city,
        e1_0.country,
        e1_0.created_date,
        e1_0.credentials_created,
        e1_0.currency,
        e1_0.date_of_birth,
        e1_0.deadline_final_sent,
        e1_0.deadline_warning_sent,
        e1_0.department,
        e1_0.designation,
        e1_0.document_deadline,
        e1_0.email,
        e1_0.emergency_contact,
        e1_0.employee_id,
        e1_0.employee_name,
        e1_0.employment_type,
        e1_0.first_name,
        e1_0.gender,
        e1_0.is_active,
        e1_0.last_name,
        e1_0.last_presence_update,
        e1_0.linkedin,
        e1_0.manager,
        e1_0.onboarding_completed_date,
        e1_0.onboarding_start_date,
        e1_0.onboarding_status,
        e1_0.password,
        e1_0.pay_frequency,
        e1_0.permanent_address,
        e1_0.permanent_city,
        e1_0.permanent_country,
        e1_0.permanent_state,
        e1_0.permanent_zip_code,
        e1_0.personal_email,
        e1_0.phone,
        e1_0.presence_status,
        e1_0.profile_color,
        e1_0.profile_picture,
        e1_0.reset_token,
        e1_0.residential_address,
        e1_0.residential_city,
        e1_0.residential_country,
        e1_0.residential_state,
        e1_0.residential_zip_code,
        e1_0.role,
        e1_0.salary,
        e1_0.start_date,
        e1_0.state,
        e1_0.status,
        e1_0.submitted_documents,
        e1_0.token_expiry,
        e1_0.total_documents,
        e1_0.updated_date,
        e1_0.verified_documents,
        e1_0.work_location,
        e1_0.work_type,
        e1_0.zip_code 
    from
        employees e1_0 
    where
        e1_0.document_deadline is not null 
        and e1_0.onboarding_status in (?, ?, ?, ?)
2026-04-13 15:40:00 - org.hibernate.SQL - 
    select
        e1_0.id,
        e1_0.active,
        e1_0.address,
        e1_0.address_type,
        e1_0.city,
        e1_0.country,
        e1_0.created_date,
        e1_0.credentials_created,
        e1_0.currency,
        e1_0.date_of_birth,
        e1_0.deadline_final_sent,
        e1_0.deadline_warning_sent,
        e1_0.department,
        e1_0.designation,
        e1_0.document_deadline,
        e1_0.email,
        e1_0.emergency_contact,
        e1_0.employee_id,
        e1_0.employee_name,
        e1_0.employment_type,
        e1_0.first_name,
        e1_0.gender,
        e1_0.is_active,
        e1_0.last_name,
        e1_0.last_presence_update,
        e1_0.linkedin,
        e1_0.manager,
        e1_0.onboarding_completed_date,
        e1_0.onboarding_start_date,
        e1_0.onboarding_status,
        e1_0.password,
        e1_0.pay_frequency,
        e1_0.permanent_address,
        e1_0.permanent_city,
        e1_0.permanent_country,
        e1_0.permanent_state,
        e1_0.permanent_zip_code,
        e1_0.personal_email,
        e1_0.phone,
        e1_0.presence_status,
        e1_0.profile_color,
        e1_0.profile_picture,
        e1_0.reset_token,
        e1_0.residential_address,
        e1_0.residential_city,
        e1_0.residential_country,
        e1_0.residential_state,
        e1_0.residential_zip_code,
        e1_0.role,
        e1_0.salary,
        e1_0.start_date,
        e1_0.state,
        e1_0.status,
        e1_0.submitted_documents,
        e1_0.token_expiry,
        e1_0.total_documents,
        e1_0.updated_date,
        e1_0.verified_documents,
        e1_0.work_location,
        e1_0.work_type,
        e1_0.zip_code 
    from
        employees e1_0 
    where
        e1_0.document_deadline is not null 
        and e1_0.onboarding_status in (?, ?, ?, ?)
2026-04-13 15:41:15 - o.s.w.s.c.WebSocketMessageBrokerStats - WebSocketSession[0 current WS(0)-HttpStream(0)-HttpPoll(0), 0 total, 0 closed abnormally (0 connect failure, 0 send limit, 0 transport error)], stompSubProtocol[processed CONNECT(0)-CONNECTED(0)-DISCONNECT(0)], stompBrokerRelay[null], inboundChannel[pool size = 0, active threads = 0, queued tasks = 0, completed tasks = 0], outboundChannel[pool size = 0, active threads = 0, queued tasks = 0, completed tasks = 0], sockJsScheduler[pool size = 8, active threads = 1, queued tasks = 4, completed tasks = 55]
2026-04-13 15:45:00 - org.hibernate.SQL - 
    select
        e1_0.id,
        e1_0.active,
        e1_0.address,
        e1_0.address_type,
        e1_0.city,
        e1_0.country,
        e1_0.created_date,
        e1_0.credentials_created,
        e1_0.currency,
        e1_0.date_of_birth,
        e1_0.deadline_final_sent,
        e1_0.deadline_warning_sent,
        e1_0.department,
        e1_0.designation,
        e1_0.document_deadline,
        e1_0.email,
        e1_0.emergency_contact,
        e1_0.employee_id,
        e1_0.employee_name,
        e1_0.employment_type,
        e1_0.first_name,
        e1_0.gender,
        e1_0.is_active,
        e1_0.last_name,
        e1_0.last_presence_update,
        e1_0.linkedin,
        e1_0.manager,
        e1_0.onboarding_completed_date,
        e1_0.onboarding_start_date,
        e1_0.onboarding_status,
        e1_0.password,
        e1_0.pay_frequency,
        e1_0.permanent_address,
        e1_0.permanent_city,
        e1_0.permanent_country,
        e1_0.permanent_state,
        e1_0.permanent_zip_code,
        e1_0.personal_email,
        e1_0.phone,
        e1_0.presence_status,
        e1_0.profile_color,
        e1_0.profile_picture,
        e1_0.reset_token,
        e1_0.residential_address,
        e1_0.residential_city,
        e1_0.residential_country,
        e1_0.residential_state,
        e1_0.residential_zip_code,
        e1_0.role,
        e1_0.salary,
        e1_0.start_date,
        e1_0.state,
        e1_0.status,
        e1_0.submitted_documents,
        e1_0.token_expiry,
        e1_0.total_documents,
        e1_0.updated_date,
        e1_0.verified_documents,
        e1_0.work_location,
        e1_0.work_type,
        e1_0.zip_code 
    from
        employees e1_0 
    where
        e1_0.document_deadline is not null 
        and e1_0.onboarding_status in (?, ?, ?, ?)
